Traceback (most recent call last):
  File "/usr/local/lib/python3.10/dist-packages/jupyter_cache/executors/utils.py", line 58, in single_nb_execution
    executenb(
  File "/usr/local/lib/python3.10/dist-packages/nbclient/client.py", line 1305, in execute
    return NotebookClient(nb=nb, resources=resources, km=km, **kwargs).execute()
  File "/usr/local/lib/python3.10/dist-packages/jupyter_core/utils/__init__.py", line 173, in wrapped
    return loop.run_until_complete(inner)
  File "/usr/lib/python3.10/asyncio/base_events.py", line 649, in run_until_complete
    return future.result()
  File "/usr/local/lib/python3.10/dist-packages/nbclient/client.py", line 705, in async_execute
    await self.async_execute_cell(
  File "/usr/local/lib/python3.10/dist-packages/nbclient/client.py", line 1058, in async_execute_cell
    await self._check_raise_for_error(cell, cell_index, exec_reply)
  File "/usr/local/lib/python3.10/dist-packages/nbclient/client.py", line 914, in _check_raise_for_error
    raise CellExecutionError.from_cell_and_msg(cell, exec_reply_content)
nbclient.exceptions.CellExecutionError: An error occurred while executing the following cell:
------------------
https://www.antaranews.com/berita/3855282/presiden-jokowi-tunjuk-marthinus-hukom-jadi-kepala-bnn
https://www.antaranews.com/berita/3853461/dejan-gloria-paparkan-kunci-juarai-turnamen-super-300-perdana-di-india?utm_source=antaranews&utm_medium=desktop&utm_campaign=menu_news
https://www.antaranews.com/berita/3853809/sasa-ramaikan-event-otomotif-decemblar-kustom-weekender-di-ancol?utm_source=antaranews&utm_medium=desktop&utm_campaign=menu_news
------------------


[0;36m  File [0;32m"<ipython-input-1-b3489381b9f0>"[0;36m, line [0;32m1[0m
[0;31m    https://www.antaranews.com/berita/3855282/presiden-jokowi-tunjuk-marthinus-hukom-jadi-kepala-bnn[0m
[0m          ^[0m
[0;31mSyntaxError[0m[0;31m:[0m invalid syntax


